<?xml version="1.0" encoding="UTF-8"?>
<!-- Generated by org.testng.reporters.JUnitReportReporter -->
<testsuite hostname="Mayank-Laptop" failures="0" tests="2" name="AmazonTest" time="73.572" errors="0" timestamp="2022-08-13T21:01:54 IST" skipped="0">
  <testcase classname="AmazonTest" name="getAmazonSearchResults" time="73.564"/>
  <system-out/>
  <testcase classname="AmazonTest" name="ValidateAmazonResults" time="0.008"/>
  <system-out/>
</testsuite> <!-- AmazonTest -->
